# JRE version: OpenJDK Runtime Environment Corretto-17.0.8.8.1 (17.0.8.1+8) (build 17.0.8.1+8-LTS)
# Java VM: OpenJDK 64-Bit Server VM Corretto-17.0.8.8.1 (17.0.8.1+8-LTS, mixed mode, emulated-client, sharing, tiered, compressed oops, compressed class ptrs, g1 gc, bsd-aarch64)
GC Precious Log:
 CPUs: 8 total, 8 available
 Memory: 16384M
 Large Page Support: Disabled
 NUMA Support: Disabled
 Compressed Oops: Enabled (Zero based)
 Heap Region Size: 2M
 Heap Min Capacity: 8M
 Heap Initial Capacity: 256M
 Heap Max Capacity: 4G
 Pre-touch: Disabled
 Parallel Workers: 8
 Concurrent Workers: 2
 Concurrent Refinement Workers: 8
 Periodic GC: Disabled
Heap:
 garbage-first heap   total 178176K, used 105697K [0x0000000700000000, 0x0000000800000000)
  region size 2048K, 29 young (59392K), 2 survivors (4096K)
 Metaspace       used 83345K, committed 84032K, reserved 1179648K
  class space    used 12130K, committed 12480K, reserved 1048576K
GC Heap History (20 events):
Event: 1.671 GC heap before
{Heap before GC invocations=8 (full 0):
 garbage-first heap   total 92160K, used 65612K [0x0000000700000000, 0x0000000800000000)
  region size 2048K, 24 young (49152K), 2 survivors (4096K)
 Metaspace       used 35539K, committed 35968K, reserved 1114112K
  class space    used 5220K, committed 5440K, reserved 1048576K
}
Event: 1.675 GC heap after
{Heap after GC invocations=9 (full 0):
 garbage-first heap   total 92160K, used 24503K [0x0000000700000000, 0x0000000800000000)
  region size 2048K, 3 young (6144K), 3 survivors (6144K)
 Metaspace       used 35539K, committed 35968K, reserved 1114112K
  class space    used 5220K, committed 5440K, reserved 1048576K
}
Event: 1.693 GC heap before
{Heap before GC invocations=9 (full 0):
 garbage-first heap   total 92160K, used 28599K [0x0000000700000000, 0x0000000800000000)
  region size 2048K, 6 young (12288K), 3 survivors (6144K)
 Metaspace       used 35739K, committed 36096K, reserved 1114112K
  class space    used 5245K, committed 5440K, reserved 1048576K
}
Event: 1.695 GC heap after
{Heap after GC invocations=10 (full 0):
 garbage-first heap   total 92160K, used 26447K [0x0000000700000000, 0x0000000800000000)
  region size 2048K, 1 young (2048K), 1 survivors (2048K)
 Metaspace       used 35739K, committed 36096K, reserved 1114112K
  class space    used 5245K, committed 5440K, reserved 1048576K
}
Event: 2.068 GC heap before
{Heap before GC invocations=11 (full 0):
 garbage-first heap   total 92160K, used 67407K [0x0000000700000000, 0x0000000800000000)
  region size 2048K, 21 young (43008K), 1 survivors (2048K)
 Metaspace       used 44550K, committed 45056K, reserved 1114112K
  class space    used 6385K, committed 6592K, reserved 1048576K
}
Event: 2.070 GC heap after
{Heap after GC invocations=12 (full 0):
 garbage-first heap   total 92160K, used 28609K [0x0000000700000000, 0x0000000800000000)
  region size 2048K, 2 young (4096K), 2 survivors (4096K)
 Metaspace       used 44550K, committed 45056K, reserved 1114112K
  class space    used 6385K, committed 6592K, reserved 1048576K
}
Event: 2.504 GC heap before
{Heap before GC invocations=13 (full 0):
 garbage-first heap   total 92160K, used 67521K [0x0000000700000000, 0x0000000800000000)
  region size 2048K, 21 young (43008K), 2 survivors (4096K)
 Metaspace       used 52196K, committed 52672K, reserved 1114112K
  class space    used 7543K, committed 7744K, reserved 1048576K
}
Event: 2.512 GC heap after
{Heap after GC invocations=14 (full 0):
 garbage-first heap   total 92160K, used 30479K [0x0000000700000000, 0x0000000800000000)
  region size 2048K, 1 young (2048K), 1 survivors (2048K)
 Metaspace       used 52196K, committed 52672K, reserved 1114112K
  class space    used 7543K, committed 7744K, reserved 1048576K
}
Event: 2.558 GC heap before
{Heap before GC invocations=14 (full 0):
 garbage-first heap   total 92160K, used 32527K [0x0000000700000000, 0x0000000800000000)
  region size 2048K, 2 young (4096K), 1 survivors (2048K)
 Metaspace       used 52469K, committed 52992K, reserved 1114112K
  class space    used 7587K, committed 7808K, reserved 1048576K
}
Event: 2.561 GC heap after
{Heap after GC invocations=15 (full 0):
 garbage-first heap   total 92160K, used 30605K [0x0000000700000000, 0x0000000800000000)
  region size 2048K, 1 young (2048K), 1 survivors (2048K)
 Metaspace       used 52469K, committed 52992K, reserved 1114112K
  class space    used 7587K, committed 7808K, reserved 1048576K
}
Event: 2.869 GC heap before
{Heap before GC invocations=15 (full 0):
 garbage-first heap   total 92160K, used 65421K [0x0000000700000000, 0x0000000800000000)
  region size 2048K, 19 young (38912K), 1 survivors (2048K)
 Metaspace       used 58554K, committed 59008K, reserved 1114112K
  class space    used 8523K, committed 8704K, reserved 1048576K
}
Event: 2.871 GC heap after
{Heap after GC invocations=16 (full 0):
 garbage-first heap   total 182272K, used 32521K [0x0000000700000000, 0x0000000800000000)
  region size 2048K, 2 young (4096K), 2 survivors (4096K)
 Metaspace       used 58554K, committed 59008K, reserved 1114112K
  class space    used 8523K, committed 8704K, reserved 1048576K
}
Event: 3.664 GC heap before
{Heap before GC invocations=16 (full 0):
 garbage-first heap   total 182272K, used 134921K [0x0000000700000000, 0x0000000800000000)
  region size 2048K, 52 young (106496K), 2 survivors (4096K)
 Metaspace       used 69642K, committed 70208K, reserved 1114112K
  class space    used 10091K, committed 10368K, reserved 1048576K
}
Event: 3.669 GC heap after
{Heap after GC invocations=17 (full 0):
 garbage-first heap   total 182272K, used 39137K [0x0000000700000000, 0x0000000800000000)
  region size 2048K, 5 young (10240K), 5 survivors (10240K)
 Metaspace       used 69642K, committed 70208K, reserved 1114112K
  class space    used 10091K, committed 10368K, reserved 1048576K
}
Event: 3.918 GC heap before
{Heap before GC invocations=17 (full 0):
 garbage-first heap   total 182272K, used 102625K [0x0000000700000000, 0x0000000800000000)
  region size 2048K, 37 young (75776K), 5 survivors (10240K)
 Metaspace       used 74916K, committed 75456K, reserved 1114112K
  class space    used 10790K, committed 11072K, reserved 1048576K
}
Event: 3.923 GC heap after
{Heap after GC invocations=18 (full 0):
 garbage-first heap   total 182272K, used 45333K [0x0000000700000000, 0x0000000800000000)
  region size 2048K, 7 young (14336K), 7 survivors (14336K)
 Metaspace       used 74916K, committed 75456K, reserved 1114112K
  class space    used 10790K, committed 11072K, reserved 1048576K
}
Event: 4.603 GC heap before
{Heap before GC invocations=19 (full 0):
 garbage-first heap   total 178176K, used 137493K [0x0000000700000000, 0x0000000800000000)
  region size 2048K, 52 young (106496K), 7 survivors (14336K)
 Metaspace       used 80198K, committed 80768K, reserved 1179648K
  class space    used 11693K, committed 11968K, reserved 1048576K
}
Event: 4.627 GC heap after
{Heap after GC invocations=20 (full 0):
 garbage-first heap   total 178176K, used 52963K [0x0000000700000000, 0x0000000800000000)
  region size 2048K, 7 young (14336K), 7 survivors (14336K)
 Metaspace       used 80198K, committed 80768K, reserved 1179648K
  class space    used 11693K, committed 11968K, reserved 1048576K
}
Event: 572.236 GC heap before
{Heap before GC invocations=21 (full 0):
 garbage-first heap   total 178176K, used 136931K [0x0000000700000000, 0x0000000800000000)
  region size 2048K, 48 young (98304K), 7 survivors (14336K)
 Metaspace       used 81768K, committed 82368K, reserved 1179648K
  class space    used 11934K, committed 12224K, reserved 1048576K
}
Event: 572.261 GC heap after
{Heap after GC invocations=22 (full 0):
 garbage-first heap   total 178176K, used 54497K [0x0000000700000000, 0x0000000800000000)
  region size 2048K, 2 young (4096K), 2 survivors (4096K)
 Metaspace       used 81768K, committed 82368K, reserved 1179648K
  class space    used 11934K, committed 12224K, reserved 1048576K
}

